2021-04-22 16:49:18,201 - DEBUG - 'int' object is not iterable
2021-04-22 16:49:18,201 - DEBUG - {'Name': 'CloseTime', 'Value': 1619081586}
2021-04-22 16:49:18,201 - DEBUG - {'Name': 'CloseTime', 'Value': 1619081586}
2021-04-22 16:49:18,296 - DEBUG - (1146, "Table 'test.eeo_ClassDetails_2021_04' doesn't exist")
2021-04-22 16:49:18,296 - DEBUG - (1146, "Table 'test.eeo_ClassDetails_2021_04' doesn't exist")
2021-04-22 16:49:18,296 - DEBUG - (1146, "Table 'test.eeo_ClassDetails_2021_04' doesn't exist")
2021-04-22 16:49:18,296 - DEBUG - insert into eeo_ClassDetails_2021_04(`id`,`updaterownum`,`fullscreen`,`actiontime`,`sourceuid`,`bounduid`,`color`,`cmd`,`minimized`,`stamp`,`aid`,`targetuid`,`groupid`,`closetime`) value('608122c2693470eb134199ca', 'Data.72', 0, 1619079151, 33629554, 0, 'shareWidgetglobalData', 67502160, 0, 0, 315347, 0, 0, 1619081586);
2021-04-22 16:49:18,296 - DEBUG - insert into eeo_ClassDetails_2021_04(`id`,`updaterownum`,`fullscreen`,`actiontime`,`sourceuid`,`bounduid`,`color`,`cmd`,`minimized`,`stamp`,`aid`,`targetuid`,`groupid`,`closetime`) value('608122c2693470eb134199ca', 'Data.72', 0, 1619079151, 33629554, 0, 'shareWidgetglobalData', 67502160, 0, 0, 315347, 0, 0, 1619081586);
2021-04-22 16:49:18,296 - DEBUG - insert into eeo_ClassDetails_2021_04(`id`,`updaterownum`,`fullscreen`,`actiontime`,`sourceuid`,`bounduid`,`color`,`cmd`,`minimized`,`stamp`,`aid`,`targetuid`,`groupid`,`closetime`) value('608122c2693470eb134199ca', 'Data.72', 0, 1619079151, 33629554, 0, 'shareWidgetglobalData', 67502160, 0, 0, 315347, 0, 0, 1619081586);
2021-04-22 16:49:18,296 - DEBUG - insert into eeo_ClassDetails_2021_04(`id`,`updaterownum`,`fullscreen`,`actiontime`,`sourceuid`,`bounduid`,`color`,`cmd`,`minimized`,`stamp`,`aid`,`targetuid`,`groupid`,`closetime`) value('608122c2693470eb134199ca', 'Data.72', 0, 1619079151, 33629554, 0, 'shareWidgetglobalData', 67502160, 0, 0, 315347, 0, 0, 1619081586);
2021-04-22 16:49:18,326 - DEBUG - (1146, "Table 'test.eeo_ClassDetails_2021_04' doesn't exist")
2021-04-22 16:49:18,326 - DEBUG - (1146, "Table 'test.eeo_ClassDetails_2021_04' doesn't exist")
2021-04-22 16:49:18,326 - DEBUG - (1146, "Table 'test.eeo_ClassDetails_2021_04' doesn't exist")
2021-04-22 16:49:18,326 - DEBUG - (1146, "Table 'test.eeo_ClassDetails_2021_04' doesn't exist")
2021-04-22 16:49:18,326 - DEBUG - (1146, "Table 'test.eeo_ClassDetails_2021_04' doesn't exist")
2021-04-22 16:49:18,327 - DEBUG - insert into eeo_ClassDetails_2021_04(`fullscreen`,`actiontime`,`sourceuid`,`bounduid`,`color`,`cmd`,`minimized`,`stamp`,`aid`,`targetuid`,`groupid`) value(0, 1619079151, 33629554, 0, 'shareWidgetglobalData', 67502160, 0, 0, 315347, 0, 0);
2021-04-22 16:49:18,327 - DEBUG - insert into eeo_ClassDetails_2021_04(`fullscreen`,`actiontime`,`sourceuid`,`bounduid`,`color`,`cmd`,`minimized`,`stamp`,`aid`,`targetuid`,`groupid`) value(0, 1619079151, 33629554, 0, 'shareWidgetglobalData', 67502160, 0, 0, 315347, 0, 0);
2021-04-22 16:49:18,327 - DEBUG - insert into eeo_ClassDetails_2021_04(`fullscreen`,`actiontime`,`sourceuid`,`bounduid`,`color`,`cmd`,`minimized`,`stamp`,`aid`,`targetuid`,`groupid`) value(0, 1619079151, 33629554, 0, 'shareWidgetglobalData', 67502160, 0, 0, 315347, 0, 0);
2021-04-22 16:49:18,327 - DEBUG - insert into eeo_ClassDetails_2021_04(`fullscreen`,`actiontime`,`sourceuid`,`bounduid`,`color`,`cmd`,`minimized`,`stamp`,`aid`,`targetuid`,`groupid`) value(0, 1619079151, 33629554, 0, 'shareWidgetglobalData', 67502160, 0, 0, 315347, 0, 0);
2021-04-22 16:49:18,327 - DEBUG - insert into eeo_ClassDetails_2021_04(`fullscreen`,`actiontime`,`sourceuid`,`bounduid`,`color`,`cmd`,`minimized`,`stamp`,`aid`,`targetuid`,`groupid`) value(0, 1619079151, 33629554, 0, 'shareWidgetglobalData', 67502160, 0, 0, 315347, 0, 0);
2021-04-22 16:49:18,327 - DEBUG - insert into eeo_ClassDetails_2021_04(`fullscreen`,`actiontime`,`sourceuid`,`bounduid`,`color`,`cmd`,`minimized`,`stamp`,`aid`,`targetuid`,`groupid`) value(0, 1619079151, 33629554, 0, 'shareWidgetglobalData', 67502160, 0, 0, 315347, 0, 0);
